2024-10-30 00:07:40,079 - ERROR - Error scraping URL https://www.amazon.in/ASUS-i5-12500H-Fingerprint-Transparent-X1605ZAC-MB541WS/dp/B0DGLCTZXX: Message: timeout: Timed out receiving message from renderer: 294.413
  (Session info: chrome=130.0.6723.70)
Stacktrace:
http://localhost:5500/Backend/page_source.html
	GetHandleVerifier [0x00007FF63DDA3AB5+28005]
	(No symbol) [0x00007FF63DD083B0]
	(No symbol) [0x00007FF63DBA580A]
	(No symbol) [0x00007FF63DB93BD7]
	(No symbol) [0x00007FF63DB938DA]
	(No symbol) [0x00007FF63DB9151E]
	(No symbol) [0x00007FF63DB91FCF]
	(No symbol) [0x00007FF63DBA08CE]
	(No symbol) [0x00007FF63DBB385D]
	(No symbol) [0x00007FF63DBB91FA]
	(No symbol) [0x00007FF63DB92734]
	(No symbol) [0x00007FF63DBB36B8]
	(No symbol) [0x00007FF63DC3BBFC]
	(No symbol) [0x00007FF63DC1B7E3]
	(No symbol) [0x00007FF63DBE75C8]
	(No symbol) [0x00007FF63DBE8731]
	GetHandleVerifier [0x00007FF63E09643D+3118829]
	GetHandleVerifier [0x00007FF63E0E6C90+3448640]
	GetHandleVerifier [0x00007FF63E0DCF0D+3408317]
	GetHandleVerifier [0x00007FF63DE6A40B+841403]
	(No symbol) [0x00007FF63DD1340F]
	(No symbol) [0x00007FF63DD0F484]
	(No symbol) [0x00007FF63DD0F61D]
	(No symbol) [0x00007FF63DCFEB79]
	BaseThreadInitThunk [0x00007FFDACBD257D+29]
	RtlUserThreadStart [0x00007FFDAD82AF08+40]

2024-10-30 00:07:45,250 - INFO - Rotated to new proxy: 43.153.207.93:3128
2024-10-30 00:07:55,998 - WARNING - Retrying (Retry(total=2, connect=None, read=None, redirect=None, status=None)) after connection broken by 'NewConnectionError('<urllib3.connection.HTTPConnection object at 0x0000011994486A50>: Failed to establish a new connection: [WinError 10061] No connection could be made because the target machine actively refused it')': /session/f1e2003cb9447db480b4c56e9d7d73b7
2024-10-30 00:08:00,048 - WARNING - Retrying (Retry(total=1, connect=None, read=None, redirect=None, status=None)) after connection broken by 'NewConnectionError('<urllib3.connection.HTTPConnection object at 0x0000011994487B50>: Failed to establish a new connection: [WinError 10061] No connection could be made because the target machine actively refused it')': /session/f1e2003cb9447db480b4c56e9d7d73b7
2024-10-30 00:08:04,112 - WARNING - Retrying (Retry(total=0, connect=None, read=None, redirect=None, status=None)) after connection broken by 'NewConnectionError('<urllib3.connection.HTTPConnection object at 0x00000119944AC510>: Failed to establish a new connection: [WinError 10061] No connection could be made because the target machine actively refused it')': /session/f1e2003cb9447db480b4c56e9d7d73b7
2024-10-30 00:11:14,592 - INFO - WebDriver initialized successfully
2024-10-30 00:11:14,593 - INFO - Navigating to URL: https://www.amazon.in/ASUS-i5-12500H-Fingerprint-Transparent-X1605ZAC-MB541WS/dp/B0DGLCTZXX
2024-10-30 00:11:23,666 - INFO - Current URL: https://www.amazon.in/ASUS-i5-12500H-Fingerprint-Transparent-X1605ZAC-MB541WS/dp/B0DGLCTZXX
2024-10-30 00:11:23,919 - INFO - Attempting to extract element with xpath: //span[@id='productTitle']
2024-10-30 00:11:23,964 - INFO - Attempting to extract element with xpath: //span[@class='a-price-whole']
2024-10-30 00:11:24,089 - INFO - Successfully extracted value: None
2024-10-30 00:11:24,089 - INFO - Attempting to extract element with xpath: //span[@class='a-price']//span[@class='a-offscreen']
2024-10-30 00:11:24,116 - INFO - Successfully extracted value: None
2024-10-30 00:11:24,117 - INFO - Attempting to extract element with xpath: //span[@id='priceblock_ourprice']
2024-10-30 00:11:34,374 - WARNING - Attempt 1/3 failed for xpath: //span[@id='priceblock_ourprice']
2024-10-30 00:11:48,520 - WARNING - Attempt 2/3 failed for xpath: //span[@id='priceblock_ourprice']
2024-10-30 00:12:00,874 - WARNING - Attempt 3/3 failed for xpath: //span[@id='priceblock_ourprice']
2024-10-30 00:12:00,875 - INFO - Attempting to extract element with xpath: //span[@id='priceblock_dealprice']
2024-10-30 00:12:11,178 - WARNING - Attempt 1/3 failed for xpath: //span[@id='priceblock_dealprice']
2024-10-30 00:12:25,170 - WARNING - Attempt 2/3 failed for xpath: //span[@id='priceblock_dealprice']
2024-10-30 00:12:37,578 - WARNING - Attempt 3/3 failed for xpath: //span[@id='priceblock_dealprice']
2024-10-30 00:12:37,578 - INFO - Attempting to extract element with xpath: //span[contains(@class, 'a-price-whole')]
2024-10-30 00:12:37,618 - INFO - Successfully extracted value: None
2024-10-30 00:12:37,618 - WARNING - No price found with any of the known XPaths
2024-10-30 00:12:37,618 - INFO - Attempting to extract element with xpath: //div[@id='productDescription']//p
2024-10-30 00:12:47,910 - WARNING - Attempt 1/3 failed for xpath: //div[@id='productDescription']//p
2024-10-30 00:13:01,171 - WARNING - Attempt 2/3 failed for xpath: //div[@id='productDescription']//p
2024-10-30 00:13:15,295 - WARNING - Attempt 3/3 failed for xpath: //div[@id='productDescription']//p
2024-10-30 00:13:15,297 - INFO - Attempting to extract element with xpath: //div[@id='feature-bullets']//li
2024-10-30 00:13:15,332 - INFO - Successfully extracted value: Processor : Intel Core i5-12500H Processor 2.5 GHz (18M Cache, up to 4.5 GHz, 4P+8E cores)
2024-10-30 00:13:15,366 - INFO - Found image: https://m.media-amazon.com/images/I/61fsBFww9DL._SX522_.jpg
2024-10-30 00:13:15,390 - INFO - Found image: https://images-na.ssl-images-amazon.com/images/G/01/x-locale/common/grey-pixel.gif
2024-10-30 00:13:15,423 - INFO - Found image: https://m.media-amazon.com/images/G/31/HomeCustomProduct/360_icon_73x73v2._CB485971317_SS40_FMpng_RI_.png
2024-10-30 00:13:15,432 - INFO - Found image: https://m.media-amazon.com/images/I/410uXF+zY5L._SS40_.jpg
2024-10-30 00:13:15,441 - INFO - Found image: https://m.media-amazon.com/images/I/51Pjs++g+0L.SS40_BG85,85,85_BR-120_PKdp-play-icon-overlay__.jpg
2024-10-30 00:13:15,447 - INFO - Found image: https://m.media-amazon.com/images/I/51RwYWXx4wL._SS40_.jpg
2024-10-30 00:13:15,450 - INFO - Found image: https://m.media-amazon.com/images/I/511IdpgA79L._SS40_.jpg
2024-10-30 00:13:15,464 - INFO - Found image: https://m.media-amazon.com/images/I/41IM2SHw3oL._SS40_.jpg
2024-10-30 00:13:15,468 - INFO - Found image: https://m.media-amazon.com/images/I/41PK3yZwuVL._SS40_.jpg
2024-10-30 00:13:15,477 - INFO - Found image: https://m.media-amazon.com/images/I/41AXsULXOLL._SS40_.jpg
2024-10-30 00:13:22,815 - WARNING - Retrying (Retry(total=2, connect=None, read=None, redirect=None, status=None)) after connection broken by 'NewConnectionError('<urllib3.connection.HTTPConnection object at 0x0000028876133B90>: Failed to establish a new connection: [WinError 10061] No connection could be made because the target machine actively refused it')': /session/6b005e04fe8ba164ccecd010969e0a12
2024-10-30 00:13:26,865 - WARNING - Retrying (Retry(total=1, connect=None, read=None, redirect=None, status=None)) after connection broken by 'NewConnectionError('<urllib3.connection.HTTPConnection object at 0x0000028876144450>: Failed to establish a new connection: [WinError 10061] No connection could be made because the target machine actively refused it')': /session/6b005e04fe8ba164ccecd010969e0a12
2024-10-30 00:13:30,908 - WARNING - Retrying (Retry(total=0, connect=None, read=None, redirect=None, status=None)) after connection broken by 'NewConnectionError('<urllib3.connection.HTTPConnection object at 0x0000028876144AD0>: Failed to establish a new connection: [WinError 10061] No connection could be made because the target machine actively refused it')': /session/6b005e04fe8ba164ccecd010969e0a12
